<?xml version="1.0" encoding="UTF-8"?>
<!-- Generated by org.testng.reporters.JUnitReportReporter -->
<testsuite hostname="SSergey" name="com.example.tests.GroupCreationTests" tests="1" failures="0" timestamp="21 Apr 2015 18:54:02 GMT" time="4.084" errors="0">
  <testcase name="testNonEmptyGroupCration" time="4.084" classname="com.example.tests.GroupCreationTests"/>
</testsuite> <!-- com.example.tests.GroupCreationTests -->
