<?xml version="1.0" encoding="UTF-8"?>
<!-- Generated by org.testng.reporters.JUnitReportReporter -->
<testsuite hostname="SSergey" name="com.example.tests.AddContactWithoutFilling" tests="1" failures="0" timestamp="21 Apr 2015 18:54:02 GMT" time="2.003" errors="0">
  <testcase name="testNewUserCreationWithoutFilling" time="2.003" classname="com.example.tests.AddContactWithoutFilling"/>
</testsuite> <!-- com.example.tests.AddContactWithoutFilling -->
