<?xml version="1.0" encoding="UTF-8"?>
<!-- Generated by org.testng.reporters.JUnitReportReporter -->
<testsuite hostname="SSergey" name="com.example.tests.GroupCreationTest2" tests="1" failures="0" timestamp="21 Apr 2015 18:54:02 GMT" time="3.193" errors="0">
  <testcase name="testEmptyGroupCration" time="3.193" classname="com.example.tests.GroupCreationTest2"/>
</testsuite> <!-- com.example.tests.GroupCreationTest2 -->
