<?xml version="1.0" encoding="UTF-8"?>
<!-- Generated by org.testng.reporters.JUnitReportReporter -->
<testsuite hostname="SSergey" name="com.example.tests.AddContact" tests="1" failures="0" timestamp="21 Apr 2015 18:54:02 GMT" time="7.509" errors="0">
  <testcase name="testNewUserCreationWithFilling" time="7.509" classname="com.example.tests.AddContact"/>
</testsuite> <!-- com.example.tests.AddContact -->
